  pch.cpp
  AudioEngine.cpp
  DynamicSoundEffectInstance.cpp
  SoundCommon.cpp
  SoundEffect.cpp
  SoundEffectInstance.cpp
  SoundStreamInstance.cpp
  WaveBank.cpp
  WaveBankReader.cpp
  WAVFileReader.cpp
  AlphaTestEffect.cpp
  BasicEffect.cpp
  BasicPostProcess.cpp
  BufferHelpers.cpp
  CommonStates.cpp
  DDSTextureLoader.cpp
  DebugEffect.cpp
  DescriptorHeap.cpp
  DirectXHelpers.cpp
  DualPostProcess.cpp
  DualTextureEffect.cpp
  コードを生成中...
  コンパイル中...
  BinaryReader.cpp
  EffectCommon.cpp
  EffectFactory.cpp
  EffectPipelineStateDescription.cpp
  EffectTextureFactory.cpp
  EnvironmentMapEffect.cpp
  GamePad.cpp
  GeometricPrimitive.cpp
  Geometry.cpp
  Keyboard.cpp
  LinearAllocator.cpp
  Model.cpp
  ModelLoadSDKMESH.cpp
  ModelLoadVBO.cpp
  Mouse.cpp
  GraphicsMemory.cpp
  NormalMapEffect.cpp
  PBREffect.cpp
  PBREffectFactory.cpp
  ResourceUploadBatch.cpp
  コードを生成中...
  コンパイル中...
  ScreenGrab.cpp
  SimpleMath.cpp
  SkinnedEffect.cpp
  SpriteBatch.cpp
  PrimitiveBatch.cpp
  SpriteFont.cpp
  ToneMapPostProcess.cpp
  VertexTypes.cpp
  WICTextureLoader.cpp
  コードを生成中...
  DirectXTK_Desktop_2019_Win10.vcxproj -> C:\Users\yumai\OneDrive\デスクトップ\第二回コンテンツ制作\DirectX12\DirectX12 Game Solution\DirectXTK12\Bin\Desktop_2019_Win10\x64\Debug\DirectXTK12.lib
